YCSB Client 0.1
Command line: -P workloads/workloada -load -threads 4 -db com.yahoo.ycsb.db.TapirClient -s -p tapir.configpath=../store/tools/shard -p tapir.nshards=1 -p tapir.closestreplica=0
Loading workload...
Starting test.
 0 sec: 0 operations; 
 10 sec: 59576 operations; 5936.82 current ops/sec; [COMMIT AverageLatency(us)=283.24] [START AverageLatency(us)=0.12] [INSERT AverageLatency(us)=371.39] 
 20 sec: 122967 operations; 6334.67 current ops/sec; [COMMIT AverageLatency(us)=266.28] [START AverageLatency(us)=0.1] [INSERT AverageLatency(us)=355.89] 
 30 sec: 185160 operations; 6218.68 current ops/sec; [COMMIT AverageLatency(us)=272.65] [START AverageLatency(us)=0.09] [INSERT AverageLatency(us)=361.82] 
 40 sec: 246714 operations; 6154.78 current ops/sec; [COMMIT AverageLatency(us)=276.61] [START AverageLatency(us)=0.08] [INSERT AverageLatency(us)=364.77] 
 50 sec: 309374 operations; 6265.37 current ops/sec; [COMMIT AverageLatency(us)=270.65] [START AverageLatency(us)=0.08] [INSERT AverageLatency(us)=359.4] 
 60 sec: 371777 operations; 6239.68 current ops/sec; [COMMIT AverageLatency(us)=271.06] [START AverageLatency(us)=0.08] [INSERT AverageLatency(us)=361.56] 
 70 sec: 433583 operations; 6179.36 current ops/sec; [COMMIT AverageLatency(us)=275.04] [START AverageLatency(us)=0.08] [INSERT AverageLatency(us)=363.72] 
 80 sec: 495383 operations; 6179.38 current ops/sec; [COMMIT AverageLatency(us)=271.55] [START AverageLatency(us)=0.09] [INSERT AverageLatency(us)=367.31] 
 90 sec: 557912 operations; 6252.27 current ops/sec; [COMMIT AverageLatency(us)=271.5] [START AverageLatency(us)=0.09] [INSERT AverageLatency(us)=359.72] 
 100 sec: 620622 operations; 6270.37 current ops/sec; [COMMIT AverageLatency(us)=270.27] [START AverageLatency(us)=0.08] [INSERT AverageLatency(us)=359.21] 
 110 sec: 682263 operations; 6163.48 current ops/sec; [COMMIT AverageLatency(us)=275.17] [START AverageLatency(us)=0.14] [INSERT AverageLatency(us)=365.25] 
 120 sec: 743910 operations; 6164.08 current ops/sec; [COMMIT AverageLatency(us)=274.93] [START AverageLatency(us)=0.08] [INSERT AverageLatency(us)=365.27] 
 130 sec: 805270 operations; 6135.39 current ops/sec; [COMMIT AverageLatency(us)=276.82] [START AverageLatency(us)=0.08] [INSERT AverageLatency(us)=366.61] 
 140 sec: 866636 operations; 6135.99 current ops/sec; [COMMIT AverageLatency(us)=275.9] [START AverageLatency(us)=0.09] [INSERT AverageLatency(us)=367.32] 
 150 sec: 926121 operations; 5947.91 current ops/sec; [COMMIT AverageLatency(us)=283.33] [START AverageLatency(us)=0.08] [INSERT AverageLatency(us)=380.53] 
 160 sec: 983011 operations; 5687.86 current ops/sec; [COMMIT AverageLatency(us)=276.59] [START AverageLatency(us)=0.08] [INSERT AverageLatency(us)=361.77] 
Database validation succeeded
 165 sec: 1000000 operations; 2878.52 current ops/sec; [COMMIT AverageLatency(us)=266.15] [START AverageLatency(us)=0.09] [INSERT AverageLatency(us)=337.39] 
[OVERALL], RunTime(ms), 165960.0
[OVERALL], Throughput(ops/sec), 6025.548324897566
[COMMIT], Operations, 1000000
[COMMIT], AverageLatency(us), 274.255374
[COMMIT], MinLatency(us), 140
[COMMIT], MaxLatency(us), 501493
[COMMIT], 95thPercentileLatency(ms), 0
[COMMIT], 99thPercentileLatency(ms), 0
[COMMIT], Return=0, 1000000
[COMMIT], 0, 999946
[COMMIT], 1, 17
[COMMIT], 2, 5
[COMMIT], 3, 12
[COMMIT], 4, 6
[COMMIT], 5, 0
[COMMIT], 6, 2
[COMMIT], 7, 0
[COMMIT], 8, 0
[COMMIT], 9, 0
[COMMIT], 10, 0
[COMMIT], 11, 2
[COMMIT], 12, 2
[COMMIT], 13, 0
[COMMIT], 14, 3
[COMMIT], 15, 0
[COMMIT], 16, 0
[COMMIT], 17, 0
[COMMIT], 18, 0
[COMMIT], 19, 0
[COMMIT], 20, 0
[COMMIT], 21, 0
[COMMIT], 22, 0
[COMMIT], 23, 0
[COMMIT], 24, 1
[COMMIT], 25, 0
[COMMIT], 26, 0
[COMMIT], 27, 0
[COMMIT], 28, 0
[COMMIT], 29, 0
[COMMIT], 30, 0
[COMMIT], 31, 0
[COMMIT], 32, 0
[COMMIT], 33, 0
[COMMIT], 34, 0
[COMMIT], 35, 0
[COMMIT], 36, 0
[COMMIT], 37, 0
[COMMIT], 38, 0
[COMMIT], 39, 0
[COMMIT], 40, 0
[COMMIT], 41, 0
[COMMIT], 42, 0
[COMMIT], 43, 0
[COMMIT], 44, 0
[COMMIT], 45, 0
[COMMIT], 46, 0
[COMMIT], 47, 0
[COMMIT], 48, 0
[COMMIT], 49, 0
[COMMIT], 50, 0
[COMMIT], 51, 0
[COMMIT], 52, 0
[COMMIT], 53, 0
[COMMIT], 54, 0
[COMMIT], 55, 0
[COMMIT], 56, 0
[COMMIT], 57, 0
[COMMIT], 58, 0
[COMMIT], 59, 0
[COMMIT], 60, 0
[COMMIT], 61, 0
[COMMIT], 62, 0
[COMMIT], 63, 0
[COMMIT], 64, 0
[COMMIT], 65, 2
[COMMIT], 66, 0
[COMMIT], 67, 0
[COMMIT], 68, 0
[COMMIT], 69, 0
[COMMIT], 70, 0
[COMMIT], 71, 0
[COMMIT], 72, 0
[COMMIT], 73, 0
[COMMIT], 74, 0
[COMMIT], 75, 0
[COMMIT], 76, 0
[COMMIT], 77, 0
[COMMIT], 78, 0
[COMMIT], 79, 0
[COMMIT], 80, 0
[COMMIT], 81, 0
[COMMIT], 82, 0
[COMMIT], 83, 0
[COMMIT], 84, 0
[COMMIT], 85, 0
[COMMIT], 86, 0
[COMMIT], 87, 0
[COMMIT], 88, 0
[COMMIT], 89, 0
[COMMIT], 90, 0
[COMMIT], 91, 0
[COMMIT], 92, 0
[COMMIT], 93, 0
[COMMIT], 94, 0
[COMMIT], 95, 0
[COMMIT], 96, 0
[COMMIT], 97, 0
[COMMIT], 98, 0
[COMMIT], 99, 0
[COMMIT], 100, 0
[COMMIT], 101, 0
[COMMIT], 102, 0
[COMMIT], 103, 0
[COMMIT], 104, 0
[COMMIT], 105, 0
[COMMIT], 106, 0
[COMMIT], 107, 0
[COMMIT], 108, 0
[COMMIT], 109, 0
[COMMIT], 110, 0
[COMMIT], 111, 0
[COMMIT], 112, 0
[COMMIT], 113, 0
[COMMIT], 114, 0
[COMMIT], 115, 0
[COMMIT], 116, 0
[COMMIT], 117, 0
[COMMIT], 118, 0
[COMMIT], 119, 0
[COMMIT], 120, 0
[COMMIT], 121, 0
[COMMIT], 122, 0
[COMMIT], 123, 0
[COMMIT], 124, 0
[COMMIT], 125, 0
[COMMIT], 126, 0
[COMMIT], 127, 0
[COMMIT], 128, 0
[COMMIT], 129, 0
[COMMIT], 130, 0
[COMMIT], 131, 0
[COMMIT], 132, 0
[COMMIT], 133, 0
[COMMIT], 134, 0
[COMMIT], 135, 0
[COMMIT], 136, 0
[COMMIT], 137, 0
[COMMIT], 138, 0
[COMMIT], 139, 0
[COMMIT], 140, 0
[COMMIT], 141, 0
[COMMIT], 142, 0
[COMMIT], 143, 0
[COMMIT], 144, 0
[COMMIT], 145, 0
[COMMIT], 146, 0
[COMMIT], 147, 0
[COMMIT], 148, 0
[COMMIT], 149, 0
[COMMIT], 150, 0
[COMMIT], 151, 0
[COMMIT], 152, 0
[COMMIT], 153, 0
[COMMIT], 154, 0
[COMMIT], 155, 0
[COMMIT], 156, 0
[COMMIT], 157, 0
[COMMIT], 158, 0
[COMMIT], 159, 0
[COMMIT], 160, 0
[COMMIT], 161, 0
[COMMIT], 162, 0
[COMMIT], 163, 0
[COMMIT], 164, 0
[COMMIT], 165, 0
[COMMIT], 166, 0
[COMMIT], 167, 0
[COMMIT], 168, 0
[COMMIT], 169, 0
[COMMIT], 170, 0
[COMMIT], 171, 0
[COMMIT], 172, 0
[COMMIT], 173, 0
[COMMIT], 174, 0
[COMMIT], 175, 0
[COMMIT], 176, 0
[COMMIT], 177, 0
[COMMIT], 178, 0
[COMMIT], 179, 0
[COMMIT], 180, 0
[COMMIT], 181, 0
[COMMIT], 182, 0
[COMMIT], 183, 0
[COMMIT], 184, 0
[COMMIT], 185, 0
[COMMIT], 186, 0
[COMMIT], 187, 0
[COMMIT], 188, 0
[COMMIT], 189, 0
[COMMIT], 190, 0
[COMMIT], 191, 0
[COMMIT], 192, 0
[COMMIT], 193, 0
[COMMIT], 194, 0
[COMMIT], 195, 0
[COMMIT], 196, 0
[COMMIT], 197, 0
[COMMIT], 198, 0
[COMMIT], 199, 0
[COMMIT], 200, 0
[COMMIT], 201, 0
[COMMIT], 202, 0
[COMMIT], 203, 0
[COMMIT], 204, 0
[COMMIT], 205, 0
[COMMIT], 206, 0
[COMMIT], 207, 0
[COMMIT], 208, 0
[COMMIT], 209, 0
[COMMIT], 210, 0
[COMMIT], 211, 0
[COMMIT], 212, 0
[COMMIT], 213, 0
[COMMIT], 214, 0
[COMMIT], 215, 0
[COMMIT], 216, 0
[COMMIT], 217, 0
[COMMIT], 218, 0
[COMMIT], 219, 0
[COMMIT], 220, 0
[COMMIT], 221, 0
[COMMIT], 222, 0
[COMMIT], 223, 0
[COMMIT], 224, 0
[COMMIT], 225, 0
[COMMIT], 226, 0
[COMMIT], 227, 0
[COMMIT], 228, 0
[COMMIT], 229, 0
[COMMIT], 230, 0
[COMMIT], 231, 0
[COMMIT], 232, 0
[COMMIT], 233, 0
[COMMIT], 234, 0
[COMMIT], 235, 0
[COMMIT], 236, 0
[COMMIT], 237, 0
[COMMIT], 238, 0
[COMMIT], 239, 0
[COMMIT], 240, 0
[COMMIT], 241, 0
[COMMIT], 242, 0
[COMMIT], 243, 0
[COMMIT], 244, 0
[COMMIT], 245, 0
[COMMIT], 246, 0
[COMMIT], 247, 0
[COMMIT], 248, 0
[COMMIT], 249, 0
[COMMIT], 250, 0
[COMMIT], 251, 0
[COMMIT], 252, 0
[COMMIT], 253, 0
[COMMIT], 254, 0
[COMMIT], 255, 1
[COMMIT], 256, 0
[COMMIT], 257, 0
[COMMIT], 258, 0
[COMMIT], 259, 0
[COMMIT], 260, 0
[COMMIT], 261, 0
[COMMIT], 262, 0
[COMMIT], 263, 0
[COMMIT], 264, 0
[COMMIT], 265, 0
[COMMIT], 266, 0
[COMMIT], 267, 0
[COMMIT], 268, 0
[COMMIT], 269, 0
[COMMIT], 270, 0
[COMMIT], 271, 0
[COMMIT], 272, 0
[COMMIT], 273, 0
[COMMIT], 274, 0
[COMMIT], 275, 0
[COMMIT], 276, 0
[COMMIT], 277, 0
[COMMIT], 278, 0
[COMMIT], 279, 0
[COMMIT], 280, 0
[COMMIT], 281, 0
[COMMIT], 282, 0
[COMMIT], 283, 0
[COMMIT], 284, 0
[COMMIT], 285, 0
[COMMIT], 286, 0
[COMMIT], 287, 0
[COMMIT], 288, 0
[COMMIT], 289, 0
[COMMIT], 290, 0
[COMMIT], 291, 0
[COMMIT], 292, 0
[COMMIT], 293, 0
[COMMIT], 294, 0
[COMMIT], 295, 0
[COMMIT], 296, 0
[COMMIT], 297, 0
[COMMIT], 298, 0
[COMMIT], 299, 0
[COMMIT], 300, 0
[COMMIT], 301, 0
[COMMIT], 302, 0
[COMMIT], 303, 0
[COMMIT], 304, 0
[COMMIT], 305, 0
[COMMIT], 306, 0
[COMMIT], 307, 0
[COMMIT], 308, 0
[COMMIT], 309, 0
[COMMIT], 310, 0
[COMMIT], 311, 0
[COMMIT], 312, 0
[COMMIT], 313, 0
[COMMIT], 314, 0
[COMMIT], 315, 0
[COMMIT], 316, 0
[COMMIT], 317, 0
[COMMIT], 318, 0
[COMMIT], 319, 0
[COMMIT], 320, 0
[COMMIT], 321, 0
[COMMIT], 322, 0
[COMMIT], 323, 0
[COMMIT], 324, 0
[COMMIT], 325, 0
[COMMIT], 326, 0
[COMMIT], 327, 0
[COMMIT], 328, 0
[COMMIT], 329, 0
[COMMIT], 330, 0
[COMMIT], 331, 0
[COMMIT], 332, 0
[COMMIT], 333, 0
[COMMIT], 334, 0
[COMMIT], 335, 0
[COMMIT], 336, 0
[COMMIT], 337, 0
[COMMIT], 338, 0
[COMMIT], 339, 0
[COMMIT], 340, 0
[COMMIT], 341, 0
[COMMIT], 342, 0
[COMMIT], 343, 0
[COMMIT], 344, 0
[COMMIT], 345, 0
[COMMIT], 346, 0
[COMMIT], 347, 0
[COMMIT], 348, 0
[COMMIT], 349, 0
[COMMIT], 350, 0
[COMMIT], 351, 0
[COMMIT], 352, 0
[COMMIT], 353, 0
[COMMIT], 354, 0
[COMMIT], 355, 0
[COMMIT], 356, 0
[COMMIT], 357, 0
[COMMIT], 358, 0
[COMMIT], 359, 0
[COMMIT], 360, 0
[COMMIT], 361, 0
[COMMIT], 362, 0
[COMMIT], 363, 0
[COMMIT], 364, 0
[COMMIT], 365, 0
[COMMIT], 366, 0
[COMMIT], 367, 0
[COMMIT], 368, 0
[COMMIT], 369, 0
[COMMIT], 370, 0
[COMMIT], 371, 0
[COMMIT], 372, 0
[COMMIT], 373, 0
[COMMIT], 374, 0
[COMMIT], 375, 0
[COMMIT], 376, 0
[COMMIT], 377, 0
[COMMIT], 378, 0
[COMMIT], 379, 0
[COMMIT], 380, 0
[COMMIT], 381, 0
[COMMIT], 382, 0
[COMMIT], 383, 0
[COMMIT], 384, 0
[COMMIT], 385, 0
[COMMIT], 386, 0
[COMMIT], 387, 0
[COMMIT], 388, 0
[COMMIT], 389, 0
[COMMIT], 390, 0
[COMMIT], 391, 0
[COMMIT], 392, 0
[COMMIT], 393, 0
[COMMIT], 394, 0
[COMMIT], 395, 0
[COMMIT], 396, 0
[COMMIT], 397, 0
[COMMIT], 398, 0
[COMMIT], 399, 0
[COMMIT], 400, 0
[COMMIT], 401, 0
[COMMIT], 402, 0
[COMMIT], 403, 0
[COMMIT], 404, 0
[COMMIT], 405, 0
[COMMIT], 406, 0
[COMMIT], 407, 0
[COMMIT], 408, 0
[COMMIT], 409, 0
[COMMIT], 410, 0
[COMMIT], 411, 0
[COMMIT], 412, 0
[COMMIT], 413, 0
[COMMIT], 414, 0
[COMMIT], 415, 0
[COMMIT], 416, 0
[COMMIT], 417, 0
[COMMIT], 418, 0
[COMMIT], 419, 0
[COMMIT], 420, 0
[COMMIT], 421, 0
[COMMIT], 422, 0
[COMMIT], 423, 0
[COMMIT], 424, 0
[COMMIT], 425, 0
[COMMIT], 426, 0
[COMMIT], 427, 0
[COMMIT], 428, 0
[COMMIT], 429, 0
[COMMIT], 430, 0
[COMMIT], 431, 0
[COMMIT], 432, 0
[COMMIT], 433, 0
[COMMIT], 434, 0
[COMMIT], 435, 0
[COMMIT], 436, 0
[COMMIT], 437, 0
[COMMIT], 438, 0
[COMMIT], 439, 0
[COMMIT], 440, 0
[COMMIT], 441, 0
[COMMIT], 442, 0
[COMMIT], 443, 0
[COMMIT], 444, 0
[COMMIT], 445, 0
[COMMIT], 446, 0
[COMMIT], 447, 0
[COMMIT], 448, 0
[COMMIT], 449, 0
[COMMIT], 450, 0
[COMMIT], 451, 0
[COMMIT], 452, 0
[COMMIT], 453, 0
[COMMIT], 454, 0
[COMMIT], 455, 0
[COMMIT], 456, 0
[COMMIT], 457, 0
[COMMIT], 458, 0
[COMMIT], 459, 0
[COMMIT], 460, 0
[COMMIT], 461, 0
[COMMIT], 462, 0
[COMMIT], 463, 0
[COMMIT], 464, 0
[COMMIT], 465, 0
[COMMIT], 466, 0
[COMMIT], 467, 0
[COMMIT], 468, 0
[COMMIT], 469, 0
[COMMIT], 470, 0
[COMMIT], 471, 0
[COMMIT], 472, 0
[COMMIT], 473, 0
[COMMIT], 474, 0
[COMMIT], 475, 0
[COMMIT], 476, 0
[COMMIT], 477, 0
[COMMIT], 478, 0
[COMMIT], 479, 0
[COMMIT], 480, 0
[COMMIT], 481, 0
[COMMIT], 482, 0
[COMMIT], 483, 0
[COMMIT], 484, 0
[COMMIT], 485, 0
[COMMIT], 486, 0
[COMMIT], 487, 0
[COMMIT], 488, 0
[COMMIT], 489, 0
[COMMIT], 490, 0
[COMMIT], 491, 0
[COMMIT], 492, 0
[COMMIT], 493, 0
[COMMIT], 494, 0
[COMMIT], 495, 0
[COMMIT], 496, 0
[COMMIT], 497, 0
[COMMIT], 498, 0
[COMMIT], 499, 0
[COMMIT], 500, 0
[COMMIT], 501, 1
[COMMIT], 502, 0
[COMMIT], 503, 0
[COMMIT], 504, 0
[COMMIT], 505, 0
[COMMIT], 506, 0
[COMMIT], 507, 0
[COMMIT], 508, 0
[COMMIT], 509, 0
[COMMIT], 510, 0
[COMMIT], 511, 0
[COMMIT], 512, 0
[COMMIT], 513, 0
[COMMIT], 514, 0
[COMMIT], 515, 0
[COMMIT], 516, 0
[COMMIT], 517, 0
[COMMIT], 518, 0
[COMMIT], 519, 0
[COMMIT], 520, 0
[COMMIT], 521, 0
[COMMIT], 522, 0
[COMMIT], 523, 0
[COMMIT], 524, 0
[COMMIT], 525, 0
[COMMIT], 526, 0
[COMMIT], 527, 0
[COMMIT], 528, 0
[COMMIT], 529, 0
[COMMIT], 530, 0
[COMMIT], 531, 0
[COMMIT], 532, 0
[COMMIT], 533, 0
[COMMIT], 534, 0
[COMMIT], 535, 0
[COMMIT], 536, 0
[COMMIT], 537, 0
[COMMIT], 538, 0
[COMMIT], 539, 0
[COMMIT], 540, 0
[COMMIT], 541, 0
[COMMIT], 542, 0
[COMMIT], 543, 0
[COMMIT], 544, 0
[COMMIT], 545, 0
[COMMIT], 546, 0
[COMMIT], 547, 0
[COMMIT], 548, 0
[COMMIT], 549, 0
[COMMIT], 550, 0
[COMMIT], 551, 0
[COMMIT], 552, 0
[COMMIT], 553, 0
[COMMIT], 554, 0
[COMMIT], 555, 0
[COMMIT], 556, 0
[COMMIT], 557, 0
[COMMIT], 558, 0
[COMMIT], 559, 0
[COMMIT], 560, 0
[COMMIT], 561, 0
[COMMIT], 562, 0
[COMMIT], 563, 0
[COMMIT], 564, 0
[COMMIT], 565, 0
[COMMIT], 566, 0
[COMMIT], 567, 0
[COMMIT], 568, 0
[COMMIT], 569, 0
[COMMIT], 570, 0
[COMMIT], 571, 0
[COMMIT], 572, 0
[COMMIT], 573, 0
[COMMIT], 574, 0
[COMMIT], 575, 0
[COMMIT], 576, 0
[COMMIT], 577, 0
[COMMIT], 578, 0
[COMMIT], 579, 0
[COMMIT], 580, 0
[COMMIT], 581, 0
[COMMIT], 582, 0
[COMMIT], 583, 0
[COMMIT], 584, 0
[COMMIT], 585, 0
[COMMIT], 586, 0
[COMMIT], 587, 0
[COMMIT], 588, 0
[COMMIT], 589, 0
[COMMIT], 590, 0
[COMMIT], 591, 0
[COMMIT], 592, 0
[COMMIT], 593, 0
[COMMIT], 594, 0
[COMMIT], 595, 0
[COMMIT], 596, 0
[COMMIT], 597, 0
[COMMIT], 598, 0
[COMMIT], 599, 0
[COMMIT], 600, 0
[COMMIT], 601, 0
[COMMIT], 602, 0
[COMMIT], 603, 0
[COMMIT], 604, 0
[COMMIT], 605, 0
[COMMIT], 606, 0
[COMMIT], 607, 0
[COMMIT], 608, 0
[COMMIT], 609, 0
[COMMIT], 610, 0
[COMMIT], 611, 0
[COMMIT], 612, 0
[COMMIT], 613, 0
[COMMIT], 614, 0
[COMMIT], 615, 0
[COMMIT], 616, 0
[COMMIT], 617, 0
[COMMIT], 618, 0
[COMMIT], 619, 0
[COMMIT], 620, 0
[COMMIT], 621, 0
[COMMIT], 622, 0
[COMMIT], 623, 0
[COMMIT], 624, 0
[COMMIT], 625, 0
[COMMIT], 626, 0
[COMMIT], 627, 0
[COMMIT], 628, 0
[COMMIT], 629, 0
[COMMIT], 630, 0
[COMMIT], 631, 0
[COMMIT], 632, 0
[COMMIT], 633, 0
[COMMIT], 634, 0
[COMMIT], 635, 0
[COMMIT], 636, 0
[COMMIT], 637, 0
[COMMIT], 638, 0
[COMMIT], 639, 0
[COMMIT], 640, 0
[COMMIT], 641, 0
[COMMIT], 642, 0
[COMMIT], 643, 0
[COMMIT], 644, 0
[COMMIT], 645, 0
[COMMIT], 646, 0
[COMMIT], 647, 0
[COMMIT], 648, 0
[COMMIT], 649, 0
[COMMIT], 650, 0
[COMMIT], 651, 0
[COMMIT], 652, 0
[COMMIT], 653, 0
[COMMIT], 654, 0
[COMMIT], 655, 0
[COMMIT], 656, 0
[COMMIT], 657, 0
[COMMIT], 658, 0
[COMMIT], 659, 0
[COMMIT], 660, 0
[COMMIT], 661, 0
[COMMIT], 662, 0
[COMMIT], 663, 0
[COMMIT], 664, 0
[COMMIT], 665, 0
[COMMIT], 666, 0
[COMMIT], 667, 0
[COMMIT], 668, 0
[COMMIT], 669, 0
[COMMIT], 670, 0
[COMMIT], 671, 0
[COMMIT], 672, 0
[COMMIT], 673, 0
[COMMIT], 674, 0
[COMMIT], 675, 0
[COMMIT], 676, 0
[COMMIT], 677, 0
[COMMIT], 678, 0
[COMMIT], 679, 0
[COMMIT], 680, 0
[COMMIT], 681, 0
[COMMIT], 682, 0
[COMMIT], 683, 0
[COMMIT], 684, 0
[COMMIT], 685, 0
[COMMIT], 686, 0
[COMMIT], 687, 0
[COMMIT], 688, 0
[COMMIT], 689, 0
[COMMIT], 690, 0
[COMMIT], 691, 0
[COMMIT], 692, 0
[COMMIT], 693, 0
[COMMIT], 694, 0
[COMMIT], 695, 0
[COMMIT], 696, 0
[COMMIT], 697, 0
[COMMIT], 698, 0
[COMMIT], 699, 0
[COMMIT], 700, 0
[COMMIT], 701, 0
[COMMIT], 702, 0
[COMMIT], 703, 0
[COMMIT], 704, 0
[COMMIT], 705, 0
[COMMIT], 706, 0
[COMMIT], 707, 0
[COMMIT], 708, 0
[COMMIT], 709, 0
[COMMIT], 710, 0
[COMMIT], 711, 0
[COMMIT], 712, 0
[COMMIT], 713, 0
[COMMIT], 714, 0
[COMMIT], 715, 0
[COMMIT], 716, 0
[COMMIT], 717, 0
[COMMIT], 718, 0
[COMMIT], 719, 0
[COMMIT], 720, 0
[COMMIT], 721, 0
[COMMIT], 722, 0
[COMMIT], 723, 0
[COMMIT], 724, 0
[COMMIT], 725, 0
[COMMIT], 726, 0
[COMMIT], 727, 0
[COMMIT], 728, 0
[COMMIT], 729, 0
[COMMIT], 730, 0
[COMMIT], 731, 0
[COMMIT], 732, 0
[COMMIT], 733, 0
[COMMIT], 734, 0
[COMMIT], 735, 0
[COMMIT], 736, 0
[COMMIT], 737, 0
[COMMIT], 738, 0
[COMMIT], 739, 0
[COMMIT], 740, 0
[COMMIT], 741, 0
[COMMIT], 742, 0
[COMMIT], 743, 0
[COMMIT], 744, 0
[COMMIT], 745, 0
[COMMIT], 746, 0
[COMMIT], 747, 0
[COMMIT], 748, 0
[COMMIT], 749, 0
[COMMIT], 750, 0
[COMMIT], 751, 0
[COMMIT], 752, 0
[COMMIT], 753, 0
[COMMIT], 754, 0
[COMMIT], 755, 0
[COMMIT], 756, 0
[COMMIT], 757, 0
[COMMIT], 758, 0
[COMMIT], 759, 0
[COMMIT], 760, 0
[COMMIT], 761, 0
[COMMIT], 762, 0
[COMMIT], 763, 0
[COMMIT], 764, 0
[COMMIT], 765, 0
[COMMIT], 766, 0
[COMMIT], 767, 0
[COMMIT], 768, 0
[COMMIT], 769, 0
[COMMIT], 770, 0
[COMMIT], 771, 0
[COMMIT], 772, 0
[COMMIT], 773, 0
[COMMIT], 774, 0
[COMMIT], 775, 0
[COMMIT], 776, 0
[COMMIT], 777, 0
[COMMIT], 778, 0
[COMMIT], 779, 0
[COMMIT], 780, 0
[COMMIT], 781, 0
[COMMIT], 782, 0
[COMMIT], 783, 0
[COMMIT], 784, 0
[COMMIT], 785, 0
[COMMIT], 786, 0
[COMMIT], 787, 0
[COMMIT], 788, 0
[COMMIT], 789, 0
[COMMIT], 790, 0
[COMMIT], 791, 0
[COMMIT], 792, 0
[COMMIT], 793, 0
[COMMIT], 794, 0
[COMMIT], 795, 0
[COMMIT], 796, 0
[COMMIT], 797, 0
[COMMIT], 798, 0
[COMMIT], 799, 0
[COMMIT], 800, 0
[COMMIT], 801, 0
[COMMIT], 802, 0
[COMMIT], 803, 0
[COMMIT], 804, 0
[COMMIT], 805, 0
[COMMIT], 806, 0
[COMMIT], 807, 0
[COMMIT], 808, 0
[COMMIT], 809, 0
[COMMIT], 810, 0
[COMMIT], 811, 0
[COMMIT], 812, 0
[COMMIT], 813, 0
[COMMIT], 814, 0
[COMMIT], 815, 0
[COMMIT], 816, 0
[COMMIT], 817, 0
[COMMIT], 818, 0
[COMMIT], 819, 0
[COMMIT], 820, 0
[COMMIT], 821, 0
[COMMIT], 822, 0
[COMMIT], 823, 0
[COMMIT], 824, 0
[COMMIT], 825, 0
[COMMIT], 826, 0
[COMMIT], 827, 0
[COMMIT], 828, 0
[COMMIT], 829, 0
[COMMIT], 830, 0
[COMMIT], 831, 0
[COMMIT], 832, 0
[COMMIT], 833, 0
[COMMIT], 834, 0
[COMMIT], 835, 0
[COMMIT], 836, 0
[COMMIT], 837, 0
[COMMIT], 838, 0
[COMMIT], 839, 0
[COMMIT], 840, 0
[COMMIT], 841, 0
[COMMIT], 842, 0
[COMMIT], 843, 0
[COMMIT], 844, 0
[COMMIT], 845, 0
[COMMIT], 846, 0
[COMMIT], 847, 0
[COMMIT], 848, 0
[COMMIT], 849, 0
[COMMIT], 850, 0
[COMMIT], 851, 0
[COMMIT], 852, 0
[COMMIT], 853, 0
[COMMIT], 854, 0
[COMMIT], 855, 0
[COMMIT], 856, 0
[COMMIT], 857, 0
[COMMIT], 858, 0
[COMMIT], 859, 0
[COMMIT], 860, 0
[COMMIT], 861, 0
[COMMIT], 862, 0
[COMMIT], 863, 0
[COMMIT], 864, 0
[COMMIT], 865, 0
[COMMIT], 866, 0
[COMMIT], 867, 0
[COMMIT], 868, 0
[COMMIT], 869, 0
[COMMIT], 870, 0
[COMMIT], 871, 0
[COMMIT], 872, 0
[COMMIT], 873, 0
[COMMIT], 874, 0
[COMMIT], 875, 0
[COMMIT], 876, 0
[COMMIT], 877, 0
[COMMIT], 878, 0
[COMMIT], 879, 0
[COMMIT], 880, 0
[COMMIT], 881, 0
[COMMIT], 882, 0
[COMMIT], 883, 0
[COMMIT], 884, 0
[COMMIT], 885, 0
[COMMIT], 886, 0
[COMMIT], 887, 0
[COMMIT], 888, 0
[COMMIT], 889, 0
[COMMIT], 890, 0
[COMMIT], 891, 0
[COMMIT], 892, 0
[COMMIT], 893, 0
[COMMIT], 894, 0
[COMMIT], 895, 0
[COMMIT], 896, 0
[COMMIT], 897, 0
[COMMIT], 898, 0
[COMMIT], 899, 0
[COMMIT], 900, 0
[COMMIT], 901, 0
[COMMIT], 902, 0
[COMMIT], 903, 0
[COMMIT], 904, 0
[COMMIT], 905, 0
[COMMIT], 906, 0
[COMMIT], 907, 0
[COMMIT], 908, 0
[COMMIT], 909, 0
[COMMIT], 910, 0
[COMMIT], 911, 0
[COMMIT], 912, 0
[COMMIT], 913, 0
[COMMIT], 914, 0
[COMMIT], 915, 0
[COMMIT], 916, 0
[COMMIT], 917, 0
[COMMIT], 918, 0
[COMMIT], 919, 0
[COMMIT], 920, 0
[COMMIT], 921, 0
[COMMIT], 922, 0
[COMMIT], 923, 0
[COMMIT], 924, 0
[COMMIT], 925, 0
[COMMIT], 926, 0
[COMMIT], 927, 0
[COMMIT], 928, 0
[COMMIT], 929, 0
[COMMIT], 930, 0
[COMMIT], 931, 0
[COMMIT], 932, 0
[COMMIT], 933, 0
[COMMIT], 934, 0
[COMMIT], 935, 0
[COMMIT], 936, 0
[COMMIT], 937, 0
[COMMIT], 938, 0
[COMMIT], 939, 0
[COMMIT], 940, 0
[COMMIT], 941, 0
[COMMIT], 942, 0
[COMMIT], 943, 0
[COMMIT], 944, 0
[COMMIT], 945, 0
[COMMIT], 946, 0
[COMMIT], 947, 0
[COMMIT], 948, 0
[COMMIT], 949, 0
[COMMIT], 950, 0
[COMMIT], 951, 0
[COMMIT], 952, 0
[COMMIT], 953, 0
[COMMIT], 954, 0
[COMMIT], 955, 0
[COMMIT], 956, 0
[COMMIT], 957, 0
[COMMIT], 958, 0
[COMMIT], 959, 0
[COMMIT], 960, 0
[COMMIT], 961, 0
[COMMIT], 962, 0
[COMMIT], 963, 0
[COMMIT], 964, 0
[COMMIT], 965, 0
[COMMIT], 966, 0
[COMMIT], 967, 0
[COMMIT], 968, 0
[COMMIT], 969, 0
[COMMIT], 970, 0
[COMMIT], 971, 0
[COMMIT], 972, 0
[COMMIT], 973, 0
[COMMIT], 974, 0
[COMMIT], 975, 0
[COMMIT], 976, 0
[COMMIT], 977, 0
[COMMIT], 978, 0
[COMMIT], 979, 0
[COMMIT], 980, 0
[COMMIT], 981, 0
[COMMIT], 982, 0
[COMMIT], 983, 0
[COMMIT], 984, 0
[COMMIT], 985, 0
[COMMIT], 986, 0
[COMMIT], 987, 0
[COMMIT], 988, 0
[COMMIT], 989, 0
[COMMIT], 990, 0
[COMMIT], 991, 0
[COMMIT], 992, 0
[COMMIT], 993, 0
[COMMIT], 994, 0
[COMMIT], 995, 0
[COMMIT], 996, 0
[COMMIT], 997, 0
[COMMIT], 998, 0
[COMMIT], 999, 0
[COMMIT], >1000, 0
[START], Operations, 1000000
[START], AverageLatency(us), 0.090543
[START], MinLatency(us), 0
[START], MaxLatency(us), 3088
[START], 95thPercentileLatency(ms), 0
[START], 99thPercentileLatency(ms), 0
[START], Return=0, 1000000
[START], 0, 999999
[START], 1, 0
[START], 2, 0
[START], 3, 1
[START], 4, 0
[START], 5, 0
[START], 6, 0
[START], 7, 0
[START], 8, 0
[START], 9, 0
[START], 10, 0
[START], 11, 0
[START], 12, 0
[START], 13, 0
[START], 14, 0
[START], 15, 0
[START], 16, 0
[START], 17, 0
[START], 18, 0
[START], 19, 0
[START], 20, 0
[START], 21, 0
[START], 22, 0
[START], 23, 0
[START], 24, 0
[START], 25, 0
[START], 26, 0
[START], 27, 0
[START], 28, 0
[START], 29, 0
[START], 30, 0
[START], 31, 0
[START], 32, 0
[START], 33, 0
[START], 34, 0
[START], 35, 0
[START], 36, 0
[START], 37, 0
[START], 38, 0
[START], 39, 0
[START], 40, 0
[START], 41, 0
[START], 42, 0
[START], 43, 0
[START], 44, 0
[START], 45, 0
[START], 46, 0
[START], 47, 0
[START], 48, 0
[START], 49, 0
[START], 50, 0
[START], 51, 0
[START], 52, 0
[START], 53, 0
[START], 54, 0
[START], 55, 0
[START], 56, 0
[START], 57, 0
[START], 58, 0
[START], 59, 0
[START], 60, 0
[START], 61, 0
[START], 62, 0
[START], 63, 0
[START], 64, 0
[START], 65, 0
[START], 66, 0
[START], 67, 0
[START], 68, 0
[START], 69, 0
[START], 70, 0
[START], 71, 0
[START], 72, 0
[START], 73, 0
[START], 74, 0
[START], 75, 0
[START], 76, 0
[START], 77, 0
[START], 78, 0
[START], 79, 0
[START], 80, 0
[START], 81, 0
[START], 82, 0
[START], 83, 0
[START], 84, 0
[START], 85, 0
[START], 86, 0
[START], 87, 0
[START], 88, 0
[START], 89, 0
[START], 90, 0
[START], 91, 0
[START], 92, 0
[START], 93, 0
[START], 94, 0
[START], 95, 0
[START], 96, 0
[START], 97, 0
[START], 98, 0
[START], 99, 0
[START], 100, 0
[START], 101, 0
[START], 102, 0
[START], 103, 0
[START], 104, 0
[START], 105, 0
[START], 106, 0
[START], 107, 0
[START], 108, 0
[START], 109, 0
[START], 110, 0
[START], 111, 0
[START], 112, 0
[START], 113, 0
[START], 114, 0
[START], 115, 0
[START], 116, 0
[START], 117, 0
[START], 118, 0
[START], 119, 0
[START], 120, 0
[START], 121, 0
[START], 122, 0
[START], 123, 0
[START], 124, 0
[START], 125, 0
[START], 126, 0
[START], 127, 0
[START], 128, 0
[START], 129, 0
[START], 130, 0
[START], 131, 0
[START], 132, 0
[START], 133, 0
[START], 134, 0
[START], 135, 0
[START], 136, 0
[START], 137, 0
[START], 138, 0
[START], 139, 0
[START], 140, 0
[START], 141, 0
[START], 142, 0
[START], 143, 0
[START], 144, 0
[START], 145, 0
[START], 146, 0
[START], 147, 0
[START], 148, 0
[START], 149, 0
[START], 150, 0
[START], 151, 0
[START], 152, 0
[START], 153, 0
[START], 154, 0
[START], 155, 0
[START], 156, 0
[START], 157, 0
[START], 158, 0
[START], 159, 0
[START], 160, 0
[START], 161, 0
[START], 162, 0
[START], 163, 0
[START], 164, 0
[START], 165, 0
[START], 166, 0
[START], 167, 0
[START], 168, 0
[START], 169, 0
[START], 170, 0
[START], 171, 0
[START], 172, 0
[START], 173, 0
[START], 174, 0
[START], 175, 0
[START], 176, 0
[START], 177, 0
[START], 178, 0
[START], 179, 0
[START], 180, 0
[START], 181, 0
[START], 182, 0
[START], 183, 0
[START], 184, 0
[START], 185, 0
[START], 186, 0
[START], 187, 0
[START], 188, 0
[START], 189, 0
[START], 190, 0
[START], 191, 0
[START], 192, 0
[START], 193, 0
[START], 194, 0
[START], 195, 0
[START], 196, 0
[START], 197, 0
[START], 198, 0
[START], 199, 0
[START], 200, 0
[START], 201, 0
[START], 202, 0
[START], 203, 0
[START], 204, 0
[START], 205, 0
[START], 206, 0
[START], 207, 0
[START], 208, 0
[START], 209, 0
[START], 210, 0
[START], 211, 0
[START], 212, 0
[START], 213, 0
[START], 214, 0
[START], 215, 0
[START], 216, 0
[START], 217, 0
[START], 218, 0
[START], 219, 0
[START], 220, 0
[START], 221, 0
[START], 222, 0
[START], 223, 0
[START], 224, 0
[START], 225, 0
[START], 226, 0
[START], 227, 0
[START], 228, 0
[START], 229, 0
[START], 230, 0
[START], 231, 0
[START], 232, 0
[START], 233, 0
[START], 234, 0
[START], 235, 0
[START], 236, 0
[START], 237, 0
[START], 238, 0
[START], 239, 0
[START], 240, 0
[START], 241, 0
[START], 242, 0
[START], 243, 0
[START], 244, 0
[START], 245, 0
[START], 246, 0
[START], 247, 0
[START], 248, 0
[START], 249, 0
[START], 250, 0
[START], 251, 0
[START], 252, 0
[START], 253, 0
[START], 254, 0
[START], 255, 0
[START], 256, 0
[START], 257, 0
[START], 258, 0
[START], 259, 0
[START], 260, 0
[START], 261, 0
[START], 262, 0
[START], 263, 0
[START], 264, 0
[START], 265, 0
[START], 266, 0
[START], 267, 0
[START], 268, 0
[START], 269, 0
[START], 270, 0
[START], 271, 0
[START], 272, 0
[START], 273, 0
[START], 274, 0
[START], 275, 0
[START], 276, 0
[START], 277, 0
[START], 278, 0
[START], 279, 0
[START], 280, 0
[START], 281, 0
[START], 282, 0
[START], 283, 0
[START], 284, 0
[START], 285, 0
[START], 286, 0
[START], 287, 0
[START], 288, 0
[START], 289, 0
[START], 290, 0
[START], 291, 0
[START], 292, 0
[START], 293, 0
[START], 294, 0
[START], 295, 0
[START], 296, 0
[START], 297, 0
[START], 298, 0
[START], 299, 0
[START], 300, 0
[START], 301, 0
[START], 302, 0
[START], 303, 0
[START], 304, 0
[START], 305, 0
[START], 306, 0
[START], 307, 0
[START], 308, 0
[START], 309, 0
[START], 310, 0
[START], 311, 0
[START], 312, 0
[START], 313, 0
[START], 314, 0
[START], 315, 0
[START], 316, 0
[START], 317, 0
[START], 318, 0
[START], 319, 0
[START], 320, 0
[START], 321, 0
[START], 322, 0
[START], 323, 0
[START], 324, 0
[START], 325, 0
[START], 326, 0
[START], 327, 0
[START], 328, 0
[START], 329, 0
[START], 330, 0
[START], 331, 0
[START], 332, 0
[START], 333, 0
[START], 334, 0
[START], 335, 0
[START], 336, 0
[START], 337, 0
[START], 338, 0
[START], 339, 0
[START], 340, 0
[START], 341, 0
[START], 342, 0
[START], 343, 0
[START], 344, 0
[START], 345, 0
[START], 346, 0
[START], 347, 0
[START], 348, 0
[START], 349, 0
[START], 350, 0
[START], 351, 0
[START], 352, 0
[START], 353, 0
[START], 354, 0
[START], 355, 0
[START], 356, 0
[START], 357, 0
[START], 358, 0
[START], 359, 0
[START], 360, 0
[START], 361, 0
[START], 362, 0
[START], 363, 0
[START], 364, 0
[START], 365, 0
[START], 366, 0
[START], 367, 0
[START], 368, 0
[START], 369, 0
[START], 370, 0
[START], 371, 0
[START], 372, 0
[START], 373, 0
[START], 374, 0
[START], 375, 0
[START], 376, 0
[START], 377, 0
[START], 378, 0
[START], 379, 0
[START], 380, 0
[START], 381, 0
[START], 382, 0
[START], 383, 0
[START], 384, 0
[START], 385, 0
[START], 386, 0
[START], 387, 0
[START], 388, 0
[START], 389, 0
[START], 390, 0
[START], 391, 0
[START], 392, 0
[START], 393, 0
[START], 394, 0
[START], 395, 0
[START], 396, 0
[START], 397, 0
[START], 398, 0
[START], 399, 0
[START], 400, 0
[START], 401, 0
[START], 402, 0
[START], 403, 0
[START], 404, 0
[START], 405, 0
[START], 406, 0
[START], 407, 0
[START], 408, 0
[START], 409, 0
[START], 410, 0
[START], 411, 0
[START], 412, 0
[START], 413, 0
[START], 414, 0
[START], 415, 0
[START], 416, 0
[START], 417, 0
[START], 418, 0
[START], 419, 0
[START], 420, 0
[START], 421, 0
[START], 422, 0
[START], 423, 0
[START], 424, 0
[START], 425, 0
[START], 426, 0
[START], 427, 0
[START], 428, 0
[START], 429, 0
[START], 430, 0
[START], 431, 0
[START], 432, 0
[START], 433, 0
[START], 434, 0
[START], 435, 0
[START], 436, 0
[START], 437, 0
[START], 438, 0
[START], 439, 0
[START], 440, 0
[START], 441, 0
[START], 442, 0
[START], 443, 0
[START], 444, 0
[START], 445, 0
[START], 446, 0
[START], 447, 0
[START], 448, 0
[START], 449, 0
[START], 450, 0
[START], 451, 0
[START], 452, 0
[START], 453, 0
[START], 454, 0
[START], 455, 0
[START], 456, 0
[START], 457, 0
[START], 458, 0
[START], 459, 0
[START], 460, 0
[START], 461, 0
[START], 462, 0
[START], 463, 0
[START], 464, 0
[START], 465, 0
[START], 466, 0
[START], 467, 0
[START], 468, 0
[START], 469, 0
[START], 470, 0
[START], 471, 0
[START], 472, 0
[START], 473, 0
[START], 474, 0
[START], 475, 0
[START], 476, 0
[START], 477, 0
[START], 478, 0
[START], 479, 0
[START], 480, 0
[START], 481, 0
[START], 482, 0
[START], 483, 0
[START], 484, 0
[START], 485, 0
[START], 486, 0
[START], 487, 0
[START], 488, 0
[START], 489, 0
[START], 490, 0
[START], 491, 0
[START], 492, 0
[START], 493, 0
[START], 494, 0
[START], 495, 0
[START], 496, 0
[START], 497, 0
[START], 498, 0
[START], 499, 0
[START], 500, 0
[START], 501, 0
[START], 502, 0
[START], 503, 0
[START], 504, 0
[START], 505, 0
[START], 506, 0
[START], 507, 0
[START], 508, 0
[START], 509, 0
[START], 510, 0
[START], 511, 0
[START], 512, 0
[START], 513, 0
[START], 514, 0
[START], 515, 0
[START], 516, 0
[START], 517, 0
[START], 518, 0
[START], 519, 0
[START], 520, 0
[START], 521, 0
[START], 522, 0
[START], 523, 0
[START], 524, 0
[START], 525, 0
[START], 526, 0
[START], 527, 0
[START], 528, 0
[START], 529, 0
[START], 530, 0
[START], 531, 0
[START], 532, 0
[START], 533, 0
[START], 534, 0
[START], 535, 0
[START], 536, 0
[START], 537, 0
[START], 538, 0
[START], 539, 0
[START], 540, 0
[START], 541, 0
[START], 542, 0
[START], 543, 0
[START], 544, 0
[START], 545, 0
[START], 546, 0
[START], 547, 0
[START], 548, 0
[START], 549, 0
[START], 550, 0
[START], 551, 0
[START], 552, 0
[START], 553, 0
[START], 554, 0
[START], 555, 0
[START], 556, 0
[START], 557, 0
[START], 558, 0
[START], 559, 0
[START], 560, 0
[START], 561, 0
[START], 562, 0
[START], 563, 0
[START], 564, 0
[START], 565, 0
[START], 566, 0
[START], 567, 0
[START], 568, 0
[START], 569, 0
[START], 570, 0
[START], 571, 0
[START], 572, 0
[START], 573, 0
[START], 574, 0
[START], 575, 0
[START], 576, 0
[START], 577, 0
[START], 578, 0
[START], 579, 0
[START], 580, 0
[START], 581, 0
[START], 582, 0
[START], 583, 0
[START], 584, 0
[START], 585, 0
[START], 586, 0
[START], 587, 0
[START], 588, 0
[START], 589, 0
[START], 590, 0
[START], 591, 0
[START], 592, 0
[START], 593, 0
[START], 594, 0
[START], 595, 0
[START], 596, 0
[START], 597, 0
[START], 598, 0
[START], 599, 0
[START], 600, 0
[START], 601, 0
[START], 602, 0
[START], 603, 0
[START], 604, 0
[START], 605, 0
[START], 606, 0
[START], 607, 0
[START], 608, 0
[START], 609, 0
[START], 610, 0
[START], 611, 0
[START], 612, 0
[START], 613, 0
[START], 614, 0
[START], 615, 0
[START], 616, 0
[START], 617, 0
[START], 618, 0
[START], 619, 0
[START], 620, 0
[START], 621, 0
[START], 622, 0
[START], 623, 0
[START], 624, 0
[START], 625, 0
[START], 626, 0
[START], 627, 0
[START], 628, 0
[START], 629, 0
[START], 630, 0
[START], 631, 0
[START], 632, 0
[START], 633, 0
[START], 634, 0
[START], 635, 0
[START], 636, 0
[START], 637, 0
[START], 638, 0
[START], 639, 0
[START], 640, 0
[START], 641, 0
[START], 642, 0
[START], 643, 0
[START], 644, 0
[START], 645, 0
[START], 646, 0
[START], 647, 0
[START], 648, 0
[START], 649, 0
[START], 650, 0
[START], 651, 0
[START], 652, 0
[START], 653, 0
[START], 654, 0
[START], 655, 0
[START], 656, 0
[START], 657, 0
[START], 658, 0
[START], 659, 0
[START], 660, 0
[START], 661, 0
[START], 662, 0
[START], 663, 0
[START], 664, 0
[START], 665, 0
[START], 666, 0
[START], 667, 0
[START], 668, 0
[START], 669, 0
[START], 670, 0
[START], 671, 0
[START], 672, 0
[START], 673, 0
[START], 674, 0
[START], 675, 0
[START], 676, 0
[START], 677, 0
[START], 678, 0
[START], 679, 0
[START], 680, 0
[START], 681, 0
[START], 682, 0
[START], 683, 0
[START], 684, 0
[START], 685, 0
[START], 686, 0
[START], 687, 0
[START], 688, 0
[START], 689, 0
[START], 690, 0
[START], 691, 0
[START], 692, 0
[START], 693, 0
[START], 694, 0
[START], 695, 0
[START], 696, 0
[START], 697, 0
[START], 698, 0
[START], 699, 0
[START], 700, 0
[START], 701, 0
[START], 702, 0
[START], 703, 0
[START], 704, 0
[START], 705, 0
[START], 706, 0
[START], 707, 0
[START], 708, 0
[START], 709, 0
[START], 710, 0
[START], 711, 0
[START], 712, 0
[START], 713, 0
[START], 714, 0
[START], 715, 0
[START], 716, 0
[START], 717, 0
[START], 718, 0
[START], 719, 0
[START], 720, 0
[START], 721, 0
[START], 722, 0
[START], 723, 0
[START], 724, 0
[START], 725, 0
[START], 726, 0
[START], 727, 0
[START], 728, 0
[START], 729, 0
[START], 730, 0
[START], 731, 0
[START], 732, 0
[START], 733, 0
[START], 734, 0
[START], 735, 0
[START], 736, 0
[START], 737, 0
[START], 738, 0
[START], 739, 0
[START], 740, 0
[START], 741, 0
[START], 742, 0
[START], 743, 0
[START], 744, 0
[START], 745, 0
[START], 746, 0
[START], 747, 0
[START], 748, 0
[START], 749, 0
[START], 750, 0
[START], 751, 0
[START], 752, 0
[START], 753, 0
[START], 754, 0
[START], 755, 0
[START], 756, 0
[START], 757, 0
[START], 758, 0
[START], 759, 0
[START], 760, 0
[START], 761, 0
[START], 762, 0
[START], 763, 0
[START], 764, 0
[START], 765, 0
[START], 766, 0
[START], 767, 0
[START], 768, 0
[START], 769, 0
[START], 770, 0
[START], 771, 0
[START], 772, 0
[START], 773, 0
[START], 774, 0
[START], 775, 0
[START], 776, 0
[START], 777, 0
[START], 778, 0
[START], 779, 0
[START], 780, 0
[START], 781, 0
[START], 782, 0
[START], 783, 0
[START], 784, 0
[START], 785, 0
[START], 786, 0
[START], 787, 0
[START], 788, 0
[START], 789, 0
[START], 790, 0
[START], 791, 0
[START], 792, 0
[START], 793, 0
[START], 794, 0
[START], 795, 0
[START], 796, 0
[START], 797, 0
[START], 798, 0
[START], 799, 0
[START], 800, 0
[START], 801, 0
[START], 802, 0
[START], 803, 0
[START], 804, 0
[START], 805, 0
[START], 806, 0
[START], 807, 0
[START], 808, 0
[START], 809, 0
[START], 810, 0
[START], 811, 0
[START], 812, 0
[START], 813, 0
[START], 814, 0
[START], 815, 0
[START], 816, 0
[START], 817, 0
[START], 818, 0
[START], 819, 0
[START], 820, 0
[START], 821, 0
[START], 822, 0
[START], 823, 0
[START], 824, 0
[START], 825, 0
[START], 826, 0
[START], 827, 0
[START], 828, 0
[START], 829, 0
[START], 830, 0
[START], 831, 0
[START], 832, 0
[START], 833, 0
[START], 834, 0
[START], 835, 0
[START], 836, 0
[START], 837, 0
[START], 838, 0
[START], 839, 0
[START], 840, 0
[START], 841, 0
[START], 842, 0
[START], 843, 0
[START], 844, 0
[START], 845, 0
[START], 846, 0
[START], 847, 0
[START], 848, 0
[START], 849, 0
[START], 850, 0
[START], 851, 0
[START], 852, 0
[START], 853, 0
[START], 854, 0
[START], 855, 0
[START], 856, 0
[START], 857, 0
[START], 858, 0
[START], 859, 0
[START], 860, 0
[START], 861, 0
[START], 862, 0
[START], 863, 0
[START], 864, 0
[START], 865, 0
[START], 866, 0
[START], 867, 0
[START], 868, 0
[START], 869, 0
[START], 870, 0
[START], 871, 0
[START], 872, 0
[START], 873, 0
[START], 874, 0
[START], 875, 0
[START], 876, 0
[START], 877, 0
[START], 878, 0
[START], 879, 0
[START], 880, 0
[START], 881, 0
[START], 882, 0
[START], 883, 0
[START], 884, 0
[START], 885, 0
[START], 886, 0
[START], 887, 0
[START], 888, 0
[START], 889, 0
[START], 890, 0
[START], 891, 0
[START], 892, 0
[START], 893, 0
[START], 894, 0
[START], 895, 0
[START], 896, 0
[START], 897, 0
[START], 898, 0
[START], 899, 0
[START], 900, 0
[START], 901, 0
[START], 902, 0
[START], 903, 0
[START], 904, 0
[START], 905, 0
[START], 906, 0
[START], 907, 0
[START], 908, 0
[START], 909, 0
[START], 910, 0
[START], 911, 0
[START], 912, 0
[START], 913, 0
[START], 914, 0
[START], 915, 0
[START], 916, 0
[START], 917, 0
[START], 918, 0
[START], 919, 0
[START], 920, 0
[START], 921, 0
[START], 922, 0
[START], 923, 0
[START], 924, 0
[START], 925, 0
[START], 926, 0
[START], 927, 0
[START], 928, 0
[START], 929, 0
[START], 930, 0
[START], 931, 0
[START], 932, 0
[START], 933, 0
[START], 934, 0
[START], 935, 0
[START], 936, 0
[START], 937, 0
[START], 938, 0
[START], 939, 0
[START], 940, 0
[START], 941, 0
[START], 942, 0
[START], 943, 0
[START], 944, 0
[START], 945, 0
[START], 946, 0
[START], 947, 0
[START], 948, 0
[START], 949, 0
[START], 950, 0
[START], 951, 0
[START], 952, 0
[START], 953, 0
[START], 954, 0
[START], 955, 0
[START], 956, 0
[START], 957, 0
[START], 958, 0
[START], 959, 0
[START], 960, 0
[START], 961, 0
[START], 962, 0
[START], 963, 0
[START], 964, 0
[START], 965, 0
[START], 966, 0
[START], 967, 0
[START], 968, 0
[START], 969, 0
[START], 970, 0
[START], 971, 0
[START], 972, 0
[START], 973, 0
[START], 974, 0
[START], 975, 0
[START], 976, 0
[START], 977, 0
[START], 978, 0
[START], 979, 0
[START], 980, 0
[START], 981, 0
[START], 982, 0
[START], 983, 0
[START], 984, 0
[START], 985, 0
[START], 986, 0
[START], 987, 0
[START], 988, 0
[START], 989, 0
[START], 990, 0
[START], 991, 0
[START], 992, 0
[START], 993, 0
[START], 994, 0
[START], 995, 0
[START], 996, 0
[START], 997, 0
[START], 998, 0
[START], 999, 0
[START], >1000, 0
[INSERT], Operations, 1000000
[INSERT], AverageLatency(us), 363.941833
[INSERT], MinLatency(us), 180
[INSERT], MaxLatency(us), 240644
[INSERT], 95thPercentileLatency(ms), 0
[INSERT], 99thPercentileLatency(ms), 0
[INSERT], Return=0, 1000000
[INSERT], 0, 999884
[INSERT], 1, 47
[INSERT], 2, 7
[INSERT], 3, 40
[INSERT], 4, 5
[INSERT], 5, 3
[INSERT], 6, 0
[INSERT], 7, 0
[INSERT], 8, 0
[INSERT], 9, 0
[INSERT], 10, 0
[INSERT], 11, 0
[INSERT], 12, 2
[INSERT], 13, 0
[INSERT], 14, 0
[INSERT], 15, 0
[INSERT], 16, 0
[INSERT], 17, 0
[INSERT], 18, 0
[INSERT], 19, 0
[INSERT], 20, 0
[INSERT], 21, 0
[INSERT], 22, 0
[INSERT], 23, 0
[INSERT], 24, 0
[INSERT], 25, 0
[INSERT], 26, 0
[INSERT], 27, 0
[INSERT], 28, 3
[INSERT], 29, 0
[INSERT], 30, 0
[INSERT], 31, 0
[INSERT], 32, 0
[INSERT], 33, 0
[INSERT], 34, 0
[INSERT], 35, 0
[INSERT], 36, 0
[INSERT], 37, 0
[INSERT], 38, 0
[INSERT], 39, 0
[INSERT], 40, 0
[INSERT], 41, 0
[INSERT], 42, 0
[INSERT], 43, 0
[INSERT], 44, 0
[INSERT], 45, 0
[INSERT], 46, 0
[INSERT], 47, 0
[INSERT], 48, 0
[INSERT], 49, 0
[INSERT], 50, 0
[INSERT], 51, 0
[INSERT], 52, 0
[INSERT], 53, 2
[INSERT], 54, 0
[INSERT], 55, 0
[INSERT], 56, 0
[INSERT], 57, 0
[INSERT], 58, 0
[INSERT], 59, 0
[INSERT], 60, 0
[INSERT], 61, 0
[INSERT], 62, 0
[INSERT], 63, 0
[INSERT], 64, 0
[INSERT], 65, 0
[INSERT], 66, 0
[INSERT], 67, 0
[INSERT], 68, 0
[INSERT], 69, 0
[INSERT], 70, 0
[INSERT], 71, 0
[INSERT], 72, 0
[INSERT], 73, 0
[INSERT], 74, 0
[INSERT], 75, 0
[INSERT], 76, 0
[INSERT], 77, 0
[INSERT], 78, 0
[INSERT], 79, 0
[INSERT], 80, 0
[INSERT], 81, 0
[INSERT], 82, 0
[INSERT], 83, 0
[INSERT], 84, 0
[INSERT], 85, 0
[INSERT], 86, 0
[INSERT], 87, 0
[INSERT], 88, 0
[INSERT], 89, 0
[INSERT], 90, 0
[INSERT], 91, 0
[INSERT], 92, 0
[INSERT], 93, 0
[INSERT], 94, 0
[INSERT], 95, 0
[INSERT], 96, 0
[INSERT], 97, 0
[INSERT], 98, 0
[INSERT], 99, 0
[INSERT], 100, 0
[INSERT], 101, 0
[INSERT], 102, 0
[INSERT], 103, 0
[INSERT], 104, 0
[INSERT], 105, 0
[INSERT], 106, 0
[INSERT], 107, 0
[INSERT], 108, 0
[INSERT], 109, 0
[INSERT], 110, 2
[INSERT], 111, 1
[INSERT], 112, 1
[INSERT], 113, 0
[INSERT], 114, 0
[INSERT], 115, 0
[INSERT], 116, 0
[INSERT], 117, 0
[INSERT], 118, 0
[INSERT], 119, 0
[INSERT], 120, 0
[INSERT], 121, 0
[INSERT], 122, 0
[INSERT], 123, 0
[INSERT], 124, 0
[INSERT], 125, 0
[INSERT], 126, 0
[INSERT], 127, 0
[INSERT], 128, 0
[INSERT], 129, 0
[INSERT], 130, 0
[INSERT], 131, 0
[INSERT], 132, 0
[INSERT], 133, 0
[INSERT], 134, 0
[INSERT], 135, 0
[INSERT], 136, 0
[INSERT], 137, 0
[INSERT], 138, 0
[INSERT], 139, 0
[INSERT], 140, 0
[INSERT], 141, 0
[INSERT], 142, 0
[INSERT], 143, 0
[INSERT], 144, 0
[INSERT], 145, 0
[INSERT], 146, 0
[INSERT], 147, 0
[INSERT], 148, 0
[INSERT], 149, 0
[INSERT], 150, 0
[INSERT], 151, 0
[INSERT], 152, 0
[INSERT], 153, 0
[INSERT], 154, 0
[INSERT], 155, 0
[INSERT], 156, 0
[INSERT], 157, 0
[INSERT], 158, 0
[INSERT], 159, 0
[INSERT], 160, 0
[INSERT], 161, 0
[INSERT], 162, 0
[INSERT], 163, 0
[INSERT], 164, 0
[INSERT], 165, 0
[INSERT], 166, 0
[INSERT], 167, 0
[INSERT], 168, 0
[INSERT], 169, 0
[INSERT], 170, 0
[INSERT], 171, 0
[INSERT], 172, 0
[INSERT], 173, 0
[INSERT], 174, 0
[INSERT], 175, 0
[INSERT], 176, 0
[INSERT], 177, 0
[INSERT], 178, 0
[INSERT], 179, 0
[INSERT], 180, 0
[INSERT], 181, 0
[INSERT], 182, 0
[INSERT], 183, 0
[INSERT], 184, 0
[INSERT], 185, 0
[INSERT], 186, 0
[INSERT], 187, 0
[INSERT], 188, 0
[INSERT], 189, 0
[INSERT], 190, 0
[INSERT], 191, 0
[INSERT], 192, 0
[INSERT], 193, 0
[INSERT], 194, 0
[INSERT], 195, 0
[INSERT], 196, 0
[INSERT], 197, 0
[INSERT], 198, 0
[INSERT], 199, 0
[INSERT], 200, 0
[INSERT], 201, 0
[INSERT], 202, 0
[INSERT], 203, 0
[INSERT], 204, 0
[INSERT], 205, 0
[INSERT], 206, 0
[INSERT], 207, 0
[INSERT], 208, 0
[INSERT], 209, 0
[INSERT], 210, 0
[INSERT], 211, 0
[INSERT], 212, 0
[INSERT], 213, 0
[INSERT], 214, 0
[INSERT], 215, 0
[INSERT], 216, 0
[INSERT], 217, 0
[INSERT], 218, 0
[INSERT], 219, 0
[INSERT], 220, 0
[INSERT], 221, 0
[INSERT], 222, 0
[INSERT], 223, 0
[INSERT], 224, 0
[INSERT], 225, 0
[INSERT], 226, 0
[INSERT], 227, 0
[INSERT], 228, 0
[INSERT], 229, 0
[INSERT], 230, 0
[INSERT], 231, 0
[INSERT], 232, 0
[INSERT], 233, 0
[INSERT], 234, 0
[INSERT], 235, 0
[INSERT], 236, 0
[INSERT], 237, 0
[INSERT], 238, 0
[INSERT], 239, 0
[INSERT], 240, 3
[INSERT], 241, 0
[INSERT], 242, 0
[INSERT], 243, 0
[INSERT], 244, 0
[INSERT], 245, 0
[INSERT], 246, 0
[INSERT], 247, 0
[INSERT], 248, 0
[INSERT], 249, 0
[INSERT], 250, 0
[INSERT], 251, 0
[INSERT], 252, 0
[INSERT], 253, 0
[INSERT], 254, 0
[INSERT], 255, 0
[INSERT], 256, 0
[INSERT], 257, 0
[INSERT], 258, 0
[INSERT], 259, 0
[INSERT], 260, 0
[INSERT], 261, 0
[INSERT], 262, 0
[INSERT], 263, 0
[INSERT], 264, 0
[INSERT], 265, 0
[INSERT], 266, 0
[INSERT], 267, 0
[INSERT], 268, 0
[INSERT], 269, 0
[INSERT], 270, 0
[INSERT], 271, 0
[INSERT], 272, 0
[INSERT], 273, 0
[INSERT], 274, 0
[INSERT], 275, 0
[INSERT], 276, 0
[INSERT], 277, 0
[INSERT], 278, 0
[INSERT], 279, 0
[INSERT], 280, 0
[INSERT], 281, 0
[INSERT], 282, 0
[INSERT], 283, 0
[INSERT], 284, 0
[INSERT], 285, 0
[INSERT], 286, 0
[INSERT], 287, 0
[INSERT], 288, 0
[INSERT], 289, 0
[INSERT], 290, 0
[INSERT], 291, 0
[INSERT], 292, 0
[INSERT], 293, 0
[INSERT], 294, 0
[INSERT], 295, 0
[INSERT], 296, 0
[INSERT], 297, 0
[INSERT], 298, 0
[INSERT], 299, 0
[INSERT], 300, 0
[INSERT], 301, 0
[INSERT], 302, 0
[INSERT], 303, 0
[INSERT], 304, 0
[INSERT], 305, 0
[INSERT], 306, 0
[INSERT], 307, 0
[INSERT], 308, 0
[INSERT], 309, 0
[INSERT], 310, 0
[INSERT], 311, 0
[INSERT], 312, 0
[INSERT], 313, 0
[INSERT], 314, 0
[INSERT], 315, 0
[INSERT], 316, 0
[INSERT], 317, 0
[INSERT], 318, 0
[INSERT], 319, 0
[INSERT], 320, 0
[INSERT], 321, 0
[INSERT], 322, 0
[INSERT], 323, 0
[INSERT], 324, 0
[INSERT], 325, 0
[INSERT], 326, 0
[INSERT], 327, 0
[INSERT], 328, 0
[INSERT], 329, 0
[INSERT], 330, 0
[INSERT], 331, 0
[INSERT], 332, 0
[INSERT], 333, 0
[INSERT], 334, 0
[INSERT], 335, 0
[INSERT], 336, 0
[INSERT], 337, 0
[INSERT], 338, 0
[INSERT], 339, 0
[INSERT], 340, 0
[INSERT], 341, 0
[INSERT], 342, 0
[INSERT], 343, 0
[INSERT], 344, 0
[INSERT], 345, 0
[INSERT], 346, 0
[INSERT], 347, 0
[INSERT], 348, 0
[INSERT], 349, 0
[INSERT], 350, 0
[INSERT], 351, 0
[INSERT], 352, 0
[INSERT], 353, 0
[INSERT], 354, 0
[INSERT], 355, 0
[INSERT], 356, 0
[INSERT], 357, 0
[INSERT], 358, 0
[INSERT], 359, 0
[INSERT], 360, 0
[INSERT], 361, 0
[INSERT], 362, 0
[INSERT], 363, 0
[INSERT], 364, 0
[INSERT], 365, 0
[INSERT], 366, 0
[INSERT], 367, 0
[INSERT], 368, 0
[INSERT], 369, 0
[INSERT], 370, 0
[INSERT], 371, 0
[INSERT], 372, 0
[INSERT], 373, 0
[INSERT], 374, 0
[INSERT], 375, 0
[INSERT], 376, 0
[INSERT], 377, 0
[INSERT], 378, 0
[INSERT], 379, 0
[INSERT], 380, 0
[INSERT], 381, 0
[INSERT], 382, 0
[INSERT], 383, 0
[INSERT], 384, 0
[INSERT], 385, 0
[INSERT], 386, 0
[INSERT], 387, 0
[INSERT], 388, 0
[INSERT], 389, 0
[INSERT], 390, 0
[INSERT], 391, 0
[INSERT], 392, 0
[INSERT], 393, 0
[INSERT], 394, 0
[INSERT], 395, 0
[INSERT], 396, 0
[INSERT], 397, 0
[INSERT], 398, 0
[INSERT], 399, 0
[INSERT], 400, 0
[INSERT], 401, 0
[INSERT], 402, 0
[INSERT], 403, 0
[INSERT], 404, 0
[INSERT], 405, 0
[INSERT], 406, 0
[INSERT], 407, 0
[INSERT], 408, 0
[INSERT], 409, 0
[INSERT], 410, 0
[INSERT], 411, 0
[INSERT], 412, 0
[INSERT], 413, 0
[INSERT], 414, 0
[INSERT], 415, 0
[INSERT], 416, 0
[INSERT], 417, 0
[INSERT], 418, 0
[INSERT], 419, 0
[INSERT], 420, 0
[INSERT], 421, 0
[INSERT], 422, 0
[INSERT], 423, 0
[INSERT], 424, 0
[INSERT], 425, 0
[INSERT], 426, 0
[INSERT], 427, 0
[INSERT], 428, 0
[INSERT], 429, 0
[INSERT], 430, 0
[INSERT], 431, 0
[INSERT], 432, 0
[INSERT], 433, 0
[INSERT], 434, 0
[INSERT], 435, 0
[INSERT], 436, 0
[INSERT], 437, 0
[INSERT], 438, 0
[INSERT], 439, 0
[INSERT], 440, 0
[INSERT], 441, 0
[INSERT], 442, 0
[INSERT], 443, 0
[INSERT], 444, 0
[INSERT], 445, 0
[INSERT], 446, 0
[INSERT], 447, 0
[INSERT], 448, 0
[INSERT], 449, 0
[INSERT], 450, 0
[INSERT], 451, 0
[INSERT], 452, 0
[INSERT], 453, 0
[INSERT], 454, 0
[INSERT], 455, 0
[INSERT], 456, 0
[INSERT], 457, 0
[INSERT], 458, 0
[INSERT], 459, 0
[INSERT], 460, 0
[INSERT], 461, 0
[INSERT], 462, 0
[INSERT], 463, 0
[INSERT], 464, 0
[INSERT], 465, 0
[INSERT], 466, 0
[INSERT], 467, 0
[INSERT], 468, 0
[INSERT], 469, 0
[INSERT], 470, 0
[INSERT], 471, 0
[INSERT], 472, 0
[INSERT], 473, 0
[INSERT], 474, 0
[INSERT], 475, 0
[INSERT], 476, 0
[INSERT], 477, 0
[INSERT], 478, 0
[INSERT], 479, 0
[INSERT], 480, 0
[INSERT], 481, 0
[INSERT], 482, 0
[INSERT], 483, 0
[INSERT], 484, 0
[INSERT], 485, 0
[INSERT], 486, 0
[INSERT], 487, 0
[INSERT], 488, 0
[INSERT], 489, 0
[INSERT], 490, 0
[INSERT], 491, 0
[INSERT], 492, 0
[INSERT], 493, 0
[INSERT], 494, 0
[INSERT], 495, 0
[INSERT], 496, 0
[INSERT], 497, 0
[INSERT], 498, 0
[INSERT], 499, 0
[INSERT], 500, 0
[INSERT], 501, 0
[INSERT], 502, 0
[INSERT], 503, 0
[INSERT], 504, 0
[INSERT], 505, 0
[INSERT], 506, 0
[INSERT], 507, 0
[INSERT], 508, 0
[INSERT], 509, 0
[INSERT], 510, 0
[INSERT], 511, 0
[INSERT], 512, 0
[INSERT], 513, 0
[INSERT], 514, 0
[INSERT], 515, 0
[INSERT], 516, 0
[INSERT], 517, 0
[INSERT], 518, 0
[INSERT], 519, 0
[INSERT], 520, 0
[INSERT], 521, 0
[INSERT], 522, 0
[INSERT], 523, 0
[INSERT], 524, 0
[INSERT], 525, 0
[INSERT], 526, 0
[INSERT], 527, 0
[INSERT], 528, 0
[INSERT], 529, 0
[INSERT], 530, 0
[INSERT], 531, 0
[INSERT], 532, 0
[INSERT], 533, 0
[INSERT], 534, 0
[INSERT], 535, 0
[INSERT], 536, 0
[INSERT], 537, 0
[INSERT], 538, 0
[INSERT], 539, 0
[INSERT], 540, 0
[INSERT], 541, 0
[INSERT], 542, 0
[INSERT], 543, 0
[INSERT], 544, 0
[INSERT], 545, 0
[INSERT], 546, 0
[INSERT], 547, 0
[INSERT], 548, 0
[INSERT], 549, 0
[INSERT], 550, 0
[INSERT], 551, 0
[INSERT], 552, 0
[INSERT], 553, 0
[INSERT], 554, 0
[INSERT], 555, 0
[INSERT], 556, 0
[INSERT], 557, 0
[INSERT], 558, 0
[INSERT], 559, 0
[INSERT], 560, 0
[INSERT], 561, 0
[INSERT], 562, 0
[INSERT], 563, 0
[INSERT], 564, 0
[INSERT], 565, 0
[INSERT], 566, 0
[INSERT], 567, 0
[INSERT], 568, 0
[INSERT], 569, 0
[INSERT], 570, 0
[INSERT], 571, 0
[INSERT], 572, 0
[INSERT], 573, 0
[INSERT], 574, 0
[INSERT], 575, 0
[INSERT], 576, 0
[INSERT], 577, 0
[INSERT], 578, 0
[INSERT], 579, 0
[INSERT], 580, 0
[INSERT], 581, 0
[INSERT], 582, 0
[INSERT], 583, 0
[INSERT], 584, 0
[INSERT], 585, 0
[INSERT], 586, 0
[INSERT], 587, 0
[INSERT], 588, 0
[INSERT], 589, 0
[INSERT], 590, 0
[INSERT], 591, 0
[INSERT], 592, 0
[INSERT], 593, 0
[INSERT], 594, 0
[INSERT], 595, 0
[INSERT], 596, 0
[INSERT], 597, 0
[INSERT], 598, 0
[INSERT], 599, 0
[INSERT], 600, 0
[INSERT], 601, 0
[INSERT], 602, 0
[INSERT], 603, 0
[INSERT], 604, 0
[INSERT], 605, 0
[INSERT], 606, 0
[INSERT], 607, 0
[INSERT], 608, 0
[INSERT], 609, 0
[INSERT], 610, 0
[INSERT], 611, 0
[INSERT], 612, 0
[INSERT], 613, 0
[INSERT], 614, 0
[INSERT], 615, 0
[INSERT], 616, 0
[INSERT], 617, 0
[INSERT], 618, 0
[INSERT], 619, 0
[INSERT], 620, 0
[INSERT], 621, 0
[INSERT], 622, 0
[INSERT], 623, 0
[INSERT], 624, 0
[INSERT], 625, 0
[INSERT], 626, 0
[INSERT], 627, 0
[INSERT], 628, 0
[INSERT], 629, 0
[INSERT], 630, 0
[INSERT], 631, 0
[INSERT], 632, 0
[INSERT], 633, 0
[INSERT], 634, 0
[INSERT], 635, 0
[INSERT], 636, 0
[INSERT], 637, 0
[INSERT], 638, 0
[INSERT], 639, 0
[INSERT], 640, 0
[INSERT], 641, 0
[INSERT], 642, 0
[INSERT], 643, 0
[INSERT], 644, 0
[INSERT], 645, 0
[INSERT], 646, 0
[INSERT], 647, 0
[INSERT], 648, 0
[INSERT], 649, 0
[INSERT], 650, 0
[INSERT], 651, 0
[INSERT], 652, 0
[INSERT], 653, 0
[INSERT], 654, 0
[INSERT], 655, 0
[INSERT], 656, 0
[INSERT], 657, 0
[INSERT], 658, 0
[INSERT], 659, 0
[INSERT], 660, 0
[INSERT], 661, 0
[INSERT], 662, 0
[INSERT], 663, 0
[INSERT], 664, 0
[INSERT], 665, 0
[INSERT], 666, 0
[INSERT], 667, 0
[INSERT], 668, 0
[INSERT], 669, 0
[INSERT], 670, 0
[INSERT], 671, 0
[INSERT], 672, 0
[INSERT], 673, 0
[INSERT], 674, 0
[INSERT], 675, 0
[INSERT], 676, 0
[INSERT], 677, 0
[INSERT], 678, 0
[INSERT], 679, 0
[INSERT], 680, 0
[INSERT], 681, 0
[INSERT], 682, 0
[INSERT], 683, 0
[INSERT], 684, 0
[INSERT], 685, 0
[INSERT], 686, 0
[INSERT], 687, 0
[INSERT], 688, 0
[INSERT], 689, 0
[INSERT], 690, 0
[INSERT], 691, 0
[INSERT], 692, 0
[INSERT], 693, 0
[INSERT], 694, 0
[INSERT], 695, 0
[INSERT], 696, 0
[INSERT], 697, 0
[INSERT], 698, 0
[INSERT], 699, 0
[INSERT], 700, 0
[INSERT], 701, 0
[INSERT], 702, 0
[INSERT], 703, 0
[INSERT], 704, 0
[INSERT], 705, 0
[INSERT], 706, 0
[INSERT], 707, 0
[INSERT], 708, 0
[INSERT], 709, 0
[INSERT], 710, 0
[INSERT], 711, 0
[INSERT], 712, 0
[INSERT], 713, 0
[INSERT], 714, 0
[INSERT], 715, 0
[INSERT], 716, 0
[INSERT], 717, 0
[INSERT], 718, 0
[INSERT], 719, 0
[INSERT], 720, 0
[INSERT], 721, 0
[INSERT], 722, 0
[INSERT], 723, 0
[INSERT], 724, 0
[INSERT], 725, 0
[INSERT], 726, 0
[INSERT], 727, 0
[INSERT], 728, 0
[INSERT], 729, 0
[INSERT], 730, 0
[INSERT], 731, 0
[INSERT], 732, 0
[INSERT], 733, 0
[INSERT], 734, 0
[INSERT], 735, 0
[INSERT], 736, 0
[INSERT], 737, 0
[INSERT], 738, 0
[INSERT], 739, 0
[INSERT], 740, 0
[INSERT], 741, 0
[INSERT], 742, 0
[INSERT], 743, 0
[INSERT], 744, 0
[INSERT], 745, 0
[INSERT], 746, 0
[INSERT], 747, 0
[INSERT], 748, 0
[INSERT], 749, 0
[INSERT], 750, 0
[INSERT], 751, 0
[INSERT], 752, 0
[INSERT], 753, 0
[INSERT], 754, 0
[INSERT], 755, 0
[INSERT], 756, 0
[INSERT], 757, 0
[INSERT], 758, 0
[INSERT], 759, 0
[INSERT], 760, 0
[INSERT], 761, 0
[INSERT], 762, 0
[INSERT], 763, 0
[INSERT], 764, 0
[INSERT], 765, 0
[INSERT], 766, 0
[INSERT], 767, 0
[INSERT], 768, 0
[INSERT], 769, 0
[INSERT], 770, 0
[INSERT], 771, 0
[INSERT], 772, 0
[INSERT], 773, 0
[INSERT], 774, 0
[INSERT], 775, 0
[INSERT], 776, 0
[INSERT], 777, 0
[INSERT], 778, 0
[INSERT], 779, 0
[INSERT], 780, 0
[INSERT], 781, 0
[INSERT], 782, 0
[INSERT], 783, 0
[INSERT], 784, 0
[INSERT], 785, 0
[INSERT], 786, 0
[INSERT], 787, 0
[INSERT], 788, 0
[INSERT], 789, 0
[INSERT], 790, 0
[INSERT], 791, 0
[INSERT], 792, 0
[INSERT], 793, 0
[INSERT], 794, 0
[INSERT], 795, 0
[INSERT], 796, 0
[INSERT], 797, 0
[INSERT], 798, 0
[INSERT], 799, 0
[INSERT], 800, 0
[INSERT], 801, 0
[INSERT], 802, 0
[INSERT], 803, 0
[INSERT], 804, 0
[INSERT], 805, 0
[INSERT], 806, 0
[INSERT], 807, 0
[INSERT], 808, 0
[INSERT], 809, 0
[INSERT], 810, 0
[INSERT], 811, 0
[INSERT], 812, 0
[INSERT], 813, 0
[INSERT], 814, 0
[INSERT], 815, 0
[INSERT], 816, 0
[INSERT], 817, 0
[INSERT], 818, 0
[INSERT], 819, 0
[INSERT], 820, 0
[INSERT], 821, 0
[INSERT], 822, 0
[INSERT], 823, 0
[INSERT], 824, 0
[INSERT], 825, 0
[INSERT], 826, 0
[INSERT], 827, 0
[INSERT], 828, 0
[INSERT], 829, 0
[INSERT], 830, 0
[INSERT], 831, 0
[INSERT], 832, 0
[INSERT], 833, 0
[INSERT], 834, 0
[INSERT], 835, 0
[INSERT], 836, 0
[INSERT], 837, 0
[INSERT], 838, 0
[INSERT], 839, 0
[INSERT], 840, 0
[INSERT], 841, 0
[INSERT], 842, 0
[INSERT], 843, 0
[INSERT], 844, 0
[INSERT], 845, 0
[INSERT], 846, 0
[INSERT], 847, 0
[INSERT], 848, 0
[INSERT], 849, 0
[INSERT], 850, 0
[INSERT], 851, 0
[INSERT], 852, 0
[INSERT], 853, 0
[INSERT], 854, 0
[INSERT], 855, 0
[INSERT], 856, 0
[INSERT], 857, 0
[INSERT], 858, 0
[INSERT], 859, 0
[INSERT], 860, 0
[INSERT], 861, 0
[INSERT], 862, 0
[INSERT], 863, 0
[INSERT], 864, 0
[INSERT], 865, 0
[INSERT], 866, 0
[INSERT], 867, 0
[INSERT], 868, 0
[INSERT], 869, 0
[INSERT], 870, 0
[INSERT], 871, 0
[INSERT], 872, 0
[INSERT], 873, 0
[INSERT], 874, 0
[INSERT], 875, 0
[INSERT], 876, 0
[INSERT], 877, 0
[INSERT], 878, 0
[INSERT], 879, 0
[INSERT], 880, 0
[INSERT], 881, 0
[INSERT], 882, 0
[INSERT], 883, 0
[INSERT], 884, 0
[INSERT], 885, 0
[INSERT], 886, 0
[INSERT], 887, 0
[INSERT], 888, 0
[INSERT], 889, 0
[INSERT], 890, 0
[INSERT], 891, 0
[INSERT], 892, 0
[INSERT], 893, 0
[INSERT], 894, 0
[INSERT], 895, 0
[INSERT], 896, 0
[INSERT], 897, 0
[INSERT], 898, 0
[INSERT], 899, 0
[INSERT], 900, 0
[INSERT], 901, 0
[INSERT], 902, 0
[INSERT], 903, 0
[INSERT], 904, 0
[INSERT], 905, 0
[INSERT], 906, 0
[INSERT], 907, 0
[INSERT], 908, 0
[INSERT], 909, 0
[INSERT], 910, 0
[INSERT], 911, 0
[INSERT], 912, 0
[INSERT], 913, 0
[INSERT], 914, 0
[INSERT], 915, 0
[INSERT], 916, 0
[INSERT], 917, 0
[INSERT], 918, 0
[INSERT], 919, 0
[INSERT], 920, 0
[INSERT], 921, 0
[INSERT], 922, 0
[INSERT], 923, 0
[INSERT], 924, 0
[INSERT], 925, 0
[INSERT], 926, 0
[INSERT], 927, 0
[INSERT], 928, 0
[INSERT], 929, 0
[INSERT], 930, 0
[INSERT], 931, 0
[INSERT], 932, 0
[INSERT], 933, 0
[INSERT], 934, 0
[INSERT], 935, 0
[INSERT], 936, 0
[INSERT], 937, 0
[INSERT], 938, 0
[INSERT], 939, 0
[INSERT], 940, 0
[INSERT], 941, 0
[INSERT], 942, 0
[INSERT], 943, 0
[INSERT], 944, 0
[INSERT], 945, 0
[INSERT], 946, 0
[INSERT], 947, 0
[INSERT], 948, 0
[INSERT], 949, 0
[INSERT], 950, 0
[INSERT], 951, 0
[INSERT], 952, 0
[INSERT], 953, 0
[INSERT], 954, 0
[INSERT], 955, 0
[INSERT], 956, 0
[INSERT], 957, 0
[INSERT], 958, 0
[INSERT], 959, 0
[INSERT], 960, 0
[INSERT], 961, 0
[INSERT], 962, 0
[INSERT], 963, 0
[INSERT], 964, 0
[INSERT], 965, 0
[INSERT], 966, 0
[INSERT], 967, 0
[INSERT], 968, 0
[INSERT], 969, 0
[INSERT], 970, 0
[INSERT], 971, 0
[INSERT], 972, 0
[INSERT], 973, 0
[INSERT], 974, 0
[INSERT], 975, 0
[INSERT], 976, 0
[INSERT], 977, 0
[INSERT], 978, 0
[INSERT], 979, 0
[INSERT], 980, 0
[INSERT], 981, 0
[INSERT], 982, 0
[INSERT], 983, 0
[INSERT], 984, 0
[INSERT], 985, 0
[INSERT], 986, 0
[INSERT], 987, 0
[INSERT], 988, 0
[INSERT], 989, 0
[INSERT], 990, 0
[INSERT], 991, 0
[INSERT], 992, 0
[INSERT], 993, 0
[INSERT], 994, 0
[INSERT], 995, 0
[INSERT], 996, 0
[INSERT], 997, 0
[INSERT], 998, 0
[INSERT], 999, 0
[INSERT], >1000, 0
